# JRE version: OpenJDK Runtime Environment (8.0_151-b12) (build 1.8.0_151-8u151-b12-0ubuntu0.16.04.2-b12)
# Java VM: OpenJDK 64-Bit Server VM (25.151-b12 mixed mode linux-amd64 compressed oops)
Heap:
 PSYoungGen      total 217600K, used 9943K [0x00000000eab00000, 0x00000000f8f00000, 0x0000000100000000)
  eden space 203264K, 0% used [0x00000000eab00000,0x00000000eab00000,0x00000000f7180000)
  from space 14336K, 69% used [0x00000000f7300000,0x00000000f7cb5dd0,0x00000000f8100000)
  to   space 11264K, 0% used [0x00000000f8400000,0x00000000f8400000,0x00000000f8f00000)
 ParOldGen       total 39936K, used 17045K [0x00000000c0000000, 0x00000000c2700000, 0x00000000eab00000)
  object space 39936K, 42% used [0x00000000c0000000,0x00000000c10a54a8,0x00000000c2700000)
 Metaspace       used 40658K, capacity 41432K, committed 41560K, reserved 1085440K
  class space    used 5455K, capacity 5691K, committed 5760K, reserved 1048576K
GC Heap History (10 events):
Event: 6.242 GC heap after
Heap after GC invocations=10 (full 1):
 PSYoungGen      total 142336K, used 8183K [0x00000000eab00000, 0x00000000f5a00000, 0x0000000100000000)
  eden space 134144K, 0% used [0x00000000eab00000,0x00000000eab00000,0x00000000f2e00000)
  from space 8192K, 99% used [0x00000000f2e00000,0x00000000f35fdd30,0x00000000f3600000)
  to   space 11264K, 0% used [0x00000000f4f00000,0x00000000f4f00000,0x00000000f5a00000)
 ParOldGen       total 27136K, used 15765K [0x00000000c0000000, 0x00000000c1a80000, 0x00000000eab00000)
  object space 27136K, 58% used [0x00000000c0000000,0x00000000c0f65518,0x00000000c1a80000)
 Metaspace       used 32469K, capacity 32956K, committed 33280K, reserved 1077248K
  class space    used 4602K, capacity 4759K, committed 4864K, reserved 1048576K
}
Event: 8.243 GC heap before
{Heap before GC invocations=11 (full 1):
 PSYoungGen      total 142336K, used 142327K [0x00000000eab00000, 0x00000000f5a00000, 0x0000000100000000)
  eden space 134144K, 100% used [0x00000000eab00000,0x00000000f2e00000,0x00000000f2e00000)
  from space 8192K, 99% used [0x00000000f2e00000,0x00000000f35fdd30,0x00000000f3600000)
  to   space 11264K, 0% used [0x00000000f4f00000,0x00000000f4f00000,0x00000000f5a00000)
 ParOldGen       total 27136K, used 15765K [0x00000000c0000000, 0x00000000c1a80000, 0x00000000eab00000)
  object space 27136K, 58% used [0x00000000c0000000,0x00000000c0f65518,0x00000000c1a80000)
 Metaspace       used 34532K, capacity 35126K, committed 35416K, reserved 1079296K
  class space    used 4785K, capacity 4934K, committed 4992K, reserved 1048576K
Event: 8.273 GC heap after
Heap after GC invocations=11 (full 1):
 PSYoungGen      total 166912K, used 9554K [0x00000000eab00000, 0x00000000f7480000, 0x0000000100000000)
  eden space 155648K, 0% used [0x00000000eab00000,0x00000000eab00000,0x00000000f4300000)
  from space 11264K, 84% used [0x00000000f4f00000,0x00000000f5854bc8,0x00000000f5a00000)
  to   space 12288K, 0% used [0x00000000f4300000,0x00000000f4300000,0x00000000f4f00000)
 ParOldGen       total 27136K, used 18414K [0x00000000c0000000, 0x00000000c1a80000, 0x00000000eab00000)
  object space 27136K, 67% used [0x00000000c0000000,0x00000000c11fb828,0x00000000c1a80000)
 Metaspace       used 34532K, capacity 35126K, committed 35416K, reserved 1079296K
  class space    used 4785K, capacity 4934K, committed 4992K, reserved 1048576K
}
Event: 9.022 GC heap before
{Heap before GC invocations=12 (full 1):
 PSYoungGen      total 166912K, used 165202K [0x00000000eab00000, 0x00000000f7480000, 0x0000000100000000)
  eden space 155648K, 100% used [0x00000000eab00000,0x00000000f4300000,0x00000000f4300000)
  from space 11264K, 84% used [0x00000000f4f00000,0x00000000f5854bc8,0x00000000f5a00000)
  to   space 12288K, 0% used [0x00000000f4300000,0x00000000f4300000,0x00000000f4f00000)
 ParOldGen       total 27136K, used 18414K [0x00000000c0000000, 0x00000000c1a80000, 0x00000000eab00000)
  object space 27136K, 67% used [0x00000000c0000000,0x00000000c11fb828,0x00000000c1a80000)
 Metaspace       used 34602K, capacity 35190K, committed 35416K, reserved 1079296K
  class space    used 4787K, capacity 4934K, committed 4992K, reserved 1048576K
Event: 9.045 GC heap after
Heap after GC invocations=12 (full 1):
 PSYoungGen      total 167936K, used 128K [0x00000000eab00000, 0x00000000f9000000, 0x0000000100000000)
  eden space 155648K, 0% used [0x00000000eab00000,0x00000000eab00000,0x00000000f4300000)
  from space 12288K, 1% used [0x00000000f4300000,0x00000000f4320000,0x00000000f4f00000)
  to   space 12288K, 0% used [0x00000000f8400000,0x00000000f8400000,0x00000000f9000000)
 ParOldGen       total 27136K, used 26337K [0x00000000c0000000, 0x00000000c1a80000, 0x00000000eab00000)
  object space 27136K, 97% used [0x00000000c0000000,0x00000000c19b86f8,0x00000000c1a80000)
 Metaspace       used 34602K, capacity 35190K, committed 35416K, reserved 1079296K
  class space    used 4787K, capacity 4934K, committed 4992K, reserved 1048576K
}
Event: 9.049 GC heap before
{Heap before GC invocations=13 (full 2):
 PSYoungGen      total 167936K, used 128K [0x00000000eab00000, 0x00000000f9000000, 0x0000000100000000)
  eden space 155648K, 0% used [0x00000000eab00000,0x00000000eab00000,0x00000000f4300000)
  from space 12288K, 1% used [0x00000000f4300000,0x00000000f4320000,0x00000000f4f00000)
  to   space 12288K, 0% used [0x00000000f8400000,0x00000000f8400000,0x00000000f9000000)
 ParOldGen       total 27136K, used 26337K [0x00000000c0000000, 0x00000000c1a80000, 0x00000000eab00000)
  object space 27136K, 97% used [0x00000000c0000000,0x00000000c19b86f8,0x00000000c1a80000)
 Metaspace       used 34602K, capacity 35190K, committed 35416K, reserved 1079296K
  class space    used 4787K, capacity 4934K, committed 4992K, reserved 1048576K
Event: 9.196 GC heap after
Heap after GC invocations=13 (full 2):
 PSYoungGen      total 167936K, used 0K [0x00000000eab00000, 0x00000000f9000000, 0x0000000100000000)
  eden space 155648K, 0% used [0x00000000eab00000,0x00000000eab00000,0x00000000f4300000)
  from space 12288K, 0% used [0x00000000f4300000,0x00000000f4300000,0x00000000f4f00000)
  to   space 12288K, 0% used [0x00000000f8400000,0x00000000f8400000,0x00000000f9000000)
 ParOldGen       total 39936K, used 16765K [0x00000000c0000000, 0x00000000c2700000, 0x00000000eab00000)
  object space 39936K, 41% used [0x00000000c0000000,0x00000000c105f4a8,0x00000000c2700000)
 Metaspace       used 34602K, capacity 35190K, committed 35416K, reserved 1079296K
  class space    used 4787K, capacity 4934K, committed 4992K, reserved 1048576K
}
Event: 963.819 GC heap before
{Heap before GC invocations=14 (full 2):
 PSYoungGen      total 167936K, used 155648K [0x00000000eab00000, 0x00000000f9000000, 0x0000000100000000)
  eden space 155648K, 100% used [0x00000000eab00000,0x00000000f4300000,0x00000000f4300000)
  from space 12288K, 0% used [0x00000000f4300000,0x00000000f4300000,0x00000000f4f00000)
  to   space 12288K, 0% used [0x00000000f8400000,0x00000000f8400000,0x00000000f9000000)
 ParOldGen       total 39936K, used 16765K [0x00000000c0000000, 0x00000000c2700000, 0x00000000eab00000)
  object space 39936K, 41% used [0x00000000c0000000,0x00000000c105f4a8,0x00000000c2700000)
 Metaspace       used 35846K, capacity 36462K, committed 36568K, reserved 1081344K
  class space    used 4879K, capacity 5066K, committed 5120K, reserved 1048576K
Event: 963.903 GC heap after
Heap after GC invocations=14 (full 2):
 PSYoungGen      total 214528K, used 11232K [0x00000000eab00000, 0x00000000f8f00000, 0x0000000100000000)
  eden space 203264K, 0% used [0x00000000eab00000,0x00000000eab00000,0x00000000f7180000)
  from space 11264K, 99% used [0x00000000f8400000,0x00000000f8ef8010,0x00000000f8f00000)
  to   space 14336K, 0% used [0x00000000f7300000,0x00000000f7300000,0x00000000f8100000)
 ParOldGen       total 39936K, used 16773K [0x00000000c0000000, 0x00000000c2700000, 0x00000000eab00000)
  object space 39936K, 42% used [0x00000000c0000000,0x00000000c10614a8,0x00000000c2700000)
 Metaspace       used 35846K, capacity 36462K, committed 36568K, reserved 1081344K
  class space    used 4879K, capacity 5066K, committed 5120K, reserved 1048576K
}
Event: 1934.090 GC heap before
{Heap before GC invocations=15 (full 2):
 PSYoungGen      total 214528K, used 214496K [0x00000000eab00000, 0x00000000f8f00000, 0x0000000100000000)
  eden space 203264K, 100% used [0x00000000eab00000,0x00000000f7180000,0x00000000f7180000)
  from space 11264K, 99% used [0x00000000f8400000,0x00000000f8ef8010,0x00000000f8f00000)
  to   space 14336K, 0% used [0x00000000f7300000,0x00000000f7300000,0x00000000f8100000)
 ParOldGen       total 39936K, used 16773K [0x00000000c0000000, 0x00000000c2700000, 0x00000000eab00000)
  object space 39936K, 42% used [0x00000000c0000000,0x00000000c10614a8,0x00000000c2700000)
 Metaspace       used 40658K, capacity 41432K, committed 41560K, reserved 1085440K
  class space    used 5455K, capacity 5691K, committed 5760K, reserved 1048576K

